2025-12-18 21:11:27,437 [INFO] =============== Iniciando o programa ===============
2025-12-18 21:11:27,438 [INFO] Iniciando a leitura da planilha
2025-12-18 21:11:27,758 [INFO] Planilha lida com sucesso
2025-12-18 21:11:27,758 [INFO] Inicinado o driver
2025-12-18 21:11:29,537 [INFO] Abrindo o Google Maps
2025-12-18 21:11:31,385 [INFO] Google Maps aberto
2025-12-18 21:11:31,386 [INFO] Iniciando a coleta de dados para o estabelecimento do tipo: Academias
2025-12-18 21:11:31,387 [INFO] Aguardando o carregamento da página
2025-12-18 21:11:31,397 [INFO] Digitando o nome do estabelecimento
2025-12-18 21:11:31,716 [INFO] Aguardando o carregamento da página de busca
2025-12-18 21:11:34,724 [INFO] Coletando o URL da página
2025-12-18 21:11:35,686 [INFO] URL da página: https://www.google.com/maps/search/Academias/@-23.5403203,-46.7575315,14z/data=!3m1!4b1?entry=ttu&g_ep=EgoyMDI1MTIwOS4wIKXMDSoKLDEwMDc5MjA3MUgBUAM%3D
2025-12-18 21:11:35,686 [INFO] Página de busca carregada com sucesso
2025-12-18 21:11:35,689 [INFO] Página de busca carregada com sucesso
2025-12-18 21:11:35,690 [INFO] Coletando os dados dos resultados
2025-12-18 21:11:35,690 [INFO] Coletando o resultado 1
2025-12-18 21:11:35,691 [INFO] Abrindo janela do estabelecimento: 1
2025-12-18 21:11:37,762 [ERROR] Não foi possível encontrar o nome do estabelecimento na janela
2025-12-18 21:11:37,764 [ERROR] Tentativa 1 de 3
2025-12-18 21:11:38,765 [INFO] Abrindo janela do estabelecimento: 1
2025-12-18 21:11:40,018 [INFO] Janela carregada, nome do lugar: Club Mega Gym - Academia, Ginástica, Natação e muito mais.
2025-12-18 21:11:41,019 [INFO] Janela do estabelecimento carregada com sucesso
2025-12-18 21:11:41,245 [INFO] Nome do estabelecimento: Club Mega Gym - Academia, Ginástica, Natação e muito mais.
2025-12-18 21:11:41,245 [INFO] Tipo do estabelecimento: Academia
2025-12-18 21:11:41,245 [INFO] Taxa do estabelecimento: 3,4
2025-12-18 21:11:41,245 [INFO] Quantidade de avaliações do estabelecimento: (519)
2025-12-18 21:11:41,246 [INFO] Endereço do estabelecimento: Shopping São Francisco - Av. Dr. Cândido Motta Filho, 545 - Cidade São Francisco, São Paulo - SP, 05351-000
2025-12-18 21:11:42,511 [INFO] Dados coletados para o estabelecimento: Academias
2025-12-18 21:11:42,513 [INFO] Dados coletados: {0: {'establishment_name': 'Club Mega Gym - Academia, Ginástica, Natação e muito mais.', 'establishment_type': 'Academia', 'establishment_rate': '3,4', 'establishment_avaliation_count': '(519)', 'establishment_address': 'Shopping São Francisco - Av. Dr. Cândido Motta Filho, 545 - Cidade São Francisco, São Paulo - SP, 05351-000'}}
2025-12-18 21:11:42,513 [INFO] Iniciando a coleta de dados para o estabelecimento do tipo: Restaurantes
2025-12-18 21:11:42,514 [INFO] Aguardando o carregamento da página
2025-12-18 21:11:42,519 [INFO] Digitando o nome do estabelecimento
2025-12-18 21:11:42,898 [INFO] Aguardando o carregamento da página de busca
2025-12-18 21:11:45,900 [INFO] Coletando o URL da página
2025-12-18 21:11:45,904 [INFO] URL da página: https://www.google.com/maps/search/Restaurantes/@-23.5582653,-46.7934308,14z/data=!3m1!4b1?entry=ttu&g_ep=EgoyMDI1MTIwOS4wIKXMDSoKLDEwMDc5MjA3MUgBUAM%3D
2025-12-18 21:11:45,905 [INFO] Página de busca carregada com sucesso
2025-12-18 21:11:45,908 [INFO] Página de busca carregada com sucesso
2025-12-18 21:11:45,918 [INFO] Coletando os dados dos resultados
2025-12-18 21:11:45,918 [INFO] Coletando o resultado 1
2025-12-18 21:11:45,918 [INFO] Abrindo janela do estabelecimento: 1
2025-12-18 21:11:46,875 [ERROR] Não foi possível encontrar o nome do estabelecimento na janela
2025-12-18 21:11:46,876 [ERROR] Tentativa 1 de 3
2025-12-18 21:11:47,881 [INFO] Abrindo janela do estabelecimento: 1
2025-12-18 21:11:53,863 [INFO] Janela carregada, nome do lugar: Nhô Brasil
2025-12-18 21:11:54,866 [INFO] Janela do estabelecimento carregada com sucesso
2025-12-18 21:11:59,055 [INFO] Nome do estabelecimento: Nhô Brasil
2025-12-18 21:11:59,056 [INFO] Tipo do estabelecimento: Restaurante
2025-12-18 21:11:59,058 [INFO] Taxa do estabelecimento: 4,3
2025-12-18 21:11:59,060 [INFO] Quantidade de avaliações do estabelecimento: (189)
2025-12-18 21:11:59,062 [INFO] Endereço do estabelecimento: Av. Mutinga, 3725 - Jardim Santo Elias, São Paulo - SP, 05110-000
2025-12-18 21:12:03,232 [INFO] Dados coletados para o estabelecimento: Restaurantes
2025-12-18 21:12:03,233 [INFO] Dados coletados: {0: {'establishment_name': 'Nhô Brasil', 'establishment_type': 'Restaurante', 'establishment_rate': '4,3', 'establishment_avaliation_count': '(189)', 'establishment_address': 'Av. Mutinga, 3725 - Jardim Santo Elias, São Paulo - SP, 05110-000'}}
2025-12-18 21:12:03,234 [INFO] Iniciando a coleta de dados para o estabelecimento do tipo: Sorveterias
2025-12-18 21:12:03,234 [INFO] Aguardando o carregamento da página
2025-12-18 21:12:03,251 [INFO] Digitando o nome do estabelecimento
2025-12-18 21:12:03,596 [INFO] Aguardando o carregamento da página de busca
2025-12-18 21:12:06,598 [INFO] Coletando o URL da página
2025-12-18 21:12:06,613 [INFO] URL da página: https://www.google.com/maps/search/Sorveterias/@-23.4966383,-46.7893718,14z/data=!3m1!4b1?entry=ttu&g_ep=EgoyMDI1MTIwOS4wIKXMDSoKLDEwMDc5MjA3MUgBUAM%3D
2025-12-18 21:12:06,614 [INFO] Página de busca carregada com sucesso
2025-12-18 21:12:06,614 [INFO] Página de busca carregada com sucesso
2025-12-18 21:12:06,615 [INFO] Coletando os dados dos resultados
2025-12-18 21:12:06,615 [INFO] Coletando o resultado 1
2025-12-18 21:12:06,615 [INFO] Abrindo janela do estabelecimento: 1
2025-12-18 21:12:07,563 [INFO] Janela carregada, nome do lugar: Belari Gelato Artesanal
2025-12-18 21:12:08,566 [INFO] Janela do estabelecimento carregada com sucesso
2025-12-18 21:12:11,070 [INFO] Nome do estabelecimento: Belari Gelato Artesanal
2025-12-18 21:12:11,072 [INFO] Tipo do estabelecimento: Sorveteria
2025-12-18 21:12:11,072 [INFO] Taxa do estabelecimento: 4,9
2025-12-18 21:12:11,072 [INFO] Quantidade de avaliações do estabelecimento: (4.123)
2025-12-18 21:12:11,072 [INFO] Endereço do estabelecimento: Av. Sport Club Corinthians Paulista, 366 - Loja 4 - Km 18, Osasco - SP, 06132-380
2025-12-18 21:12:15,152 [INFO] Dados coletados para o estabelecimento: Sorveterias
2025-12-18 21:12:15,152 [INFO] Dados coletados: {0: {'establishment_name': 'Belari Gelato Artesanal', 'establishment_type': 'Sorveteria', 'establishment_rate': '4,9', 'establishment_avaliation_count': '(4.123)', 'establishment_address': 'Av. Sport Club Corinthians Paulista, 366 - Loja 4 - Km 18, Osasco - SP, 06132-380'}}
2025-12-18 21:12:15,153 [INFO] Iniciando a coleta de dados para o estabelecimento do tipo: Shopping
2025-12-18 21:12:15,153 [INFO] Aguardando o carregamento da página
2025-12-18 21:12:15,167 [INFO] Digitando o nome do estabelecimento
2025-12-18 21:12:15,870 [INFO] Aguardando o carregamento da página de busca
2025-12-18 21:12:18,871 [INFO] Coletando o URL da página
2025-12-18 21:12:18,953 [INFO] URL da página: https://www.google.com/maps/search/Shopping/@-23.5293125,-46.8296357,14z/data=!3m1!4b1?entry=ttu&g_ep=EgoyMDI1MTIwOS4wIKXMDSoKLDEwMDc5MjA3MUgBUAM%3D
2025-12-18 21:12:18,953 [INFO] Página de busca carregada com sucesso
2025-12-18 21:12:18,954 [INFO] Página de busca carregada com sucesso
2025-12-18 21:12:18,954 [INFO] Coletando os dados dos resultados
2025-12-18 21:12:18,955 [INFO] Coletando o resultado 1
2025-12-18 21:12:18,955 [INFO] Abrindo janela do estabelecimento: 1
2025-12-18 21:12:20,665 [ERROR] Não foi possível encontrar o nome do estabelecimento na janela
2025-12-18 21:12:20,669 [ERROR] Tentativa 1 de 3
2025-12-18 21:12:21,670 [INFO] Abrindo janela do estabelecimento: 1
2025-12-18 21:12:25,508 [ERROR] Não foi possível encontrar o nome do estabelecimento na janela
2025-12-18 21:12:25,509 [ERROR] Tentativa 2 de 3
2025-12-18 21:12:26,511 [INFO] Abrindo janela do estabelecimento: 1
2025-12-18 21:12:31,213 [ERROR] Não foi possível encontrar o nome do estabelecimento na janela
2025-12-18 21:12:31,215 [ERROR] Tentativa 3 de 3
2025-12-18 21:12:32,217 [ERROR] Erro ao coletar dados: Timeout ao carregar a janela do estabelecimento: 1
2025-12-18 21:12:32,218 [INFO] Reiniciando o navegador
2025-12-18 21:12:38,583 [INFO] Iniciando a coleta de dados para o estabelecimento do tipo: Shopping
2025-12-18 21:12:38,583 [INFO] Aguardando o carregamento da página
2025-12-18 21:12:38,588 [INFO] Digitando o nome do estabelecimento
2025-12-18 21:12:38,881 [INFO] Aguardando o carregamento da página de busca
2025-12-18 21:12:41,882 [INFO] Coletando o URL da página
2025-12-18 21:12:41,888 [INFO] URL da página: https://www.google.com/maps/search/Shopping/@-23.5403203,-46.7575315,14z/data=!3m1!4b1?entry=ttu&g_ep=EgoyMDI1MTIwOS4wIKXMDSoKLDEwMDc5MjA3MUgBUAM%3D
2025-12-18 21:12:41,888 [INFO] Página de busca carregada com sucesso
2025-12-18 21:12:41,888 [INFO] Página de busca carregada com sucesso
2025-12-18 21:12:41,889 [INFO] Coletando os dados dos resultados
2025-12-18 21:12:41,889 [INFO] Coletando o resultado 1
2025-12-18 21:12:41,889 [INFO] Abrindo janela do estabelecimento: 1
2025-12-18 21:12:42,871 [ERROR] Não foi possível encontrar o nome do estabelecimento na janela
2025-12-18 21:12:42,873 [ERROR] Tentativa 1 de 3
2025-12-18 21:12:43,882 [INFO] Abrindo janela do estabelecimento: 1
2025-12-18 21:12:45,646 [INFO] Janela carregada, nome do lugar: Continental Shopping
2025-12-18 21:12:46,647 [INFO] Janela do estabelecimento carregada com sucesso
2025-12-18 21:12:46,872 [INFO] Nome do estabelecimento: Continental Shopping
2025-12-18 21:12:46,872 [INFO] Tipo do estabelecimento: Shopping center
2025-12-18 21:12:46,872 [INFO] Taxa do estabelecimento: 4,3
2025-12-18 21:12:46,872 [INFO] Quantidade de avaliações do estabelecimento: (22.284)
2025-12-18 21:12:46,872 [INFO] Endereço do estabelecimento: Av. Leão Machado, 100 - Parque Continental, São Paulo - SP, 05328-020
2025-12-18 21:12:48,090 [INFO] Dados coletados para o estabelecimento: Shopping
2025-12-18 21:12:48,090 [INFO] Dados coletados: {0: {'establishment_name': 'Continental Shopping', 'establishment_type': 'Shopping center', 'establishment_rate': '4,3', 'establishment_avaliation_count': '(22.284)', 'establishment_address': 'Av. Leão Machado, 100 - Parque Continental, São Paulo - SP, 05328-020'}}
2025-12-18 21:12:48,092 [INFO] Todos os dados coletados: {'Academias': {0: {'establishment_name': 'Club Mega Gym - Academia, Ginástica, Natação e muito mais.', 'establishment_type': 'Academia', 'establishment_rate': '3,4', 'establishment_avaliation_count': '(519)', 'establishment_address': 'Shopping São Francisco - Av. Dr. Cândido Motta Filho, 545 - Cidade São Francisco, São Paulo - SP, 05351-000'}}, 'Restaurantes': {0: {'establishment_name': 'Nhô Brasil', 'establishment_type': 'Restaurante', 'establishment_rate': '4,3', 'establishment_avaliation_count': '(189)', 'establishment_address': 'Av. Mutinga, 3725 - Jardim Santo Elias, São Paulo - SP, 05110-000'}}, 'Sorveterias': {0: {'establishment_name': 'Belari Gelato Artesanal', 'establishment_type': 'Sorveteria', 'establishment_rate': '4,9', 'establishment_avaliation_count': '(4.123)', 'establishment_address': 'Av. Sport Club Corinthians Paulista, 366 - Loja 4 - Km 18, Osasco - SP, 06132-380'}}, 'Shopping': {0: {'establishment_name': 'Continental Shopping', 'establishment_type': 'Shopping center', 'establishment_rate': '4,3', 'establishment_avaliation_count': '(22.284)', 'establishment_address': 'Av. Leão Machado, 100 - Parque Continental, São Paulo - SP, 05328-020'}}}
2025-12-18 21:12:48,099 [INFO] Arquivo JSON escrito com sucesso
2025-12-18 21:12:48,194 [INFO] Arquivo Excel escrito com sucesso
2025-12-18 21:12:48,195 [INFO] Fechando o driver
2025-12-18 21:12:50,400 [INFO] =============== Fim do programa ===============
